<?xml version="1.0" encoding="UTF-8"?>
<!-- Generated by org.testng.reporters.JUnitXMLReporter -->
<testsuite ignored="0" hostname="MacBook-Pro" failures="0" tests="14" name="Tutorial Ninja Tests" time="85.275" errors="0" timestamp="2023-09-09T08:06:17 IST">
  <testcase classname="com.turotialninja.qa.testcases.LoginTest" name="@BeforeMethod setup" time="11.631">
    <failure type="org.openqa.selenium.TimeoutException" message="timeout: Timed out receiving message from renderer: 9.618
  (Session info: chrome=116.0.5845.179)
Build info: version: &amp;apos;4.11.0&amp;apos;, revision: &amp;apos;040bc5406b&amp;apos;
System info: os.name: &amp;apos;Mac OS X&amp;apos;, os.arch: &amp;apos;x86_64&amp;apos;, os.version: &amp;apos;13.3.1&amp;apos;, java.version: &amp;apos;19.0.2&amp;apos;
Driver info: org.openqa.selenium.chrome.ChromeDriver
Command: [b6fcf4fde6b1777f8ba570f871879290, get {url=https://tutorialsninja.com/demo/}]
Capabilities {acceptInsecureCerts: false, browserName: chrome, browserVersion: 116.0.5845.179, chrome: {chromedriverVersion: 116.0.5845.96 (1a3918166880..., userDataDir: /var/folders/wn/z0j2v1rj00l...}, fedcm:accounts: true, goog:chromeOptions: {debuggerAddress: localhost:50384}, networkConnectionEnabled: false, pageLoadStrategy: normal, platformName: mac, proxy: Proxy(), se:cdp: ws://localhost:50384/devtoo..., se:cdpVersion: 116.0.5845.179, setWindowRect: true, strictFileInteractability: false, timeouts: {implicit: 0, pageLoad: 300000, script: 30000}, unhandledPromptBehavior: dismiss and notify, webauthn:extension:credBlob: true, webauthn:extension:largeBlob: true, webauthn:extension:minPinLength: true, webauthn:extension:prf: true, webauthn:virtualAuthenticators: true}
Session ID: b6fcf4fde6b1777f8ba570f871879290">
      <![CDATA[org.openqa.selenium.TimeoutException: timeout: Timed out receiving message from renderer: 9.618
  (Session info: chrome=116.0.5845.179)
Build info: version: '4.11.0', revision: '040bc5406b'
System info: os.name: 'Mac OS X', os.arch: 'x86_64', os.version: '13.3.1', java.version: '19.0.2'
Driver info: org.openqa.selenium.chrome.ChromeDriver
Command: [b6fcf4fde6b1777f8ba570f871879290, get {url=https://tutorialsninja.com/demo/}]
Capabilities {acceptInsecureCerts: false, browserName: chrome, browserVersion: 116.0.5845.179, chrome: {chromedriverVersion: 116.0.5845.96 (1a3918166880..., userDataDir: /var/folders/wn/z0j2v1rj00l...}, fedcm:accounts: true, goog:chromeOptions: {debuggerAddress: localhost:50384}, networkConnectionEnabled: false, pageLoadStrategy: normal, platformName: mac, proxy: Proxy(), se:cdp: ws://localhost:50384/devtoo..., se:cdpVersion: 116.0.5845.179, setWindowRect: true, strictFileInteractability: false, timeouts: {implicit: 0, pageLoad: 300000, script: 30000}, unhandledPromptBehavior: dismiss and notify, webauthn:extension:credBlob: true, webauthn:extension:largeBlob: true, webauthn:extension:minPinLength: true, webauthn:extension:prf: true, webauthn:virtualAuthenticators: true}
Session ID: b6fcf4fde6b1777f8ba570f871879290
at org.openqa.selenium.remote.codec.w3c.W3CHttpResponseCodec.createException(W3CHttpResponseCodec.java:200)
at org.openqa.selenium.remote.codec.w3c.W3CHttpResponseCodec.decode(W3CHttpResponseCodec.java:133)
at org.openqa.selenium.remote.codec.w3c.W3CHttpResponseCodec.decode(W3CHttpResponseCodec.java:52)
at org.openqa.selenium.remote.HttpCommandExecutor.execute(HttpCommandExecutor.java:191)
at org.openqa.selenium.remote.service.DriverCommandExecutor.invokeExecute(DriverCommandExecutor.java:196)
at org.openqa.selenium.remote.service.DriverCommandExecutor.execute(DriverCommandExecutor.java:171)
at org.openqa.selenium.remote.RemoteWebDriver.execute(RemoteWebDriver.java:518)
at org.openqa.selenium.remote.RemoteWebDriver.get(RemoteWebDriver.java:300)
at com.tutorialninja.qa.base.Base.initializeBrowserAndOpenApplicationURL(Base.java:60)
at com.turotialninja.qa.testcases.LoginTest.setup(LoginTest.java:24)
at java.base/java.util.ArrayList.forEach(ArrayList.java:1511)
... Removed 32 stack frames]]>
    </failure>
  </testcase> <!-- @BeforeMethod setup -->
  <testcase classname="com.turotialninja.qa.testcases.LoginTest" name="@AfterMethod tearDown" time="0.0">
    <skipped/>
  </testcase> <!-- @AfterMethod tearDown -->
  <testcase classname="com.turotialninja.qa.testcases.LoginTest" name="@BeforeMethod setup" time="0.0">
    <skipped/>
  </testcase> <!-- @BeforeMethod setup -->
  <testcase classname="com.turotialninja.qa.testcases.LoginTest" name="@AfterMethod tearDown" time="0.0">
    <skipped/>
  </testcase> <!-- @AfterMethod tearDown -->
  <testcase classname="com.turotialninja.qa.testcases.SearchTest" name="@BeforeMethod setup" time="11.703">
    <failure type="org.openqa.selenium.TimeoutException" message="timeout: Timed out receiving message from renderer: 8.252
  (Session info: chrome=116.0.5845.179)
Build info: version: &amp;apos;4.11.0&amp;apos;, revision: &amp;apos;040bc5406b&amp;apos;
System info: os.name: &amp;apos;Mac OS X&amp;apos;, os.arch: &amp;apos;x86_64&amp;apos;, os.version: &amp;apos;13.3.1&amp;apos;, java.version: &amp;apos;19.0.2&amp;apos;
Driver info: org.openqa.selenium.chrome.ChromeDriver
Command: [6e6781298f6035b83f4678de326e03ee, get {url=https://tutorialsninja.com/demo/}]
Capabilities {acceptInsecureCerts: false, browserName: chrome, browserVersion: 116.0.5845.179, chrome: {chromedriverVersion: 116.0.5845.96 (1a3918166880..., userDataDir: /var/folders/wn/z0j2v1rj00l...}, fedcm:accounts: true, goog:chromeOptions: {debuggerAddress: localhost:50402}, networkConnectionEnabled: false, pageLoadStrategy: normal, platformName: mac, proxy: Proxy(), se:cdp: ws://localhost:50402/devtoo..., se:cdpVersion: 116.0.5845.179, setWindowRect: true, strictFileInteractability: false, timeouts: {implicit: 0, pageLoad: 300000, script: 30000}, unhandledPromptBehavior: dismiss and notify, webauthn:extension:credBlob: true, webauthn:extension:largeBlob: true, webauthn:extension:minPinLength: true, webauthn:extension:prf: true, webauthn:virtualAuthenticators: true}
Session ID: 6e6781298f6035b83f4678de326e03ee">
      <![CDATA[org.openqa.selenium.TimeoutException: timeout: Timed out receiving message from renderer: 8.252
  (Session info: chrome=116.0.5845.179)
Build info: version: '4.11.0', revision: '040bc5406b'
System info: os.name: 'Mac OS X', os.arch: 'x86_64', os.version: '13.3.1', java.version: '19.0.2'
Driver info: org.openqa.selenium.chrome.ChromeDriver
Command: [6e6781298f6035b83f4678de326e03ee, get {url=https://tutorialsninja.com/demo/}]
Capabilities {acceptInsecureCerts: false, browserName: chrome, browserVersion: 116.0.5845.179, chrome: {chromedriverVersion: 116.0.5845.96 (1a3918166880..., userDataDir: /var/folders/wn/z0j2v1rj00l...}, fedcm:accounts: true, goog:chromeOptions: {debuggerAddress: localhost:50402}, networkConnectionEnabled: false, pageLoadStrategy: normal, platformName: mac, proxy: Proxy(), se:cdp: ws://localhost:50402/devtoo..., se:cdpVersion: 116.0.5845.179, setWindowRect: true, strictFileInteractability: false, timeouts: {implicit: 0, pageLoad: 300000, script: 30000}, unhandledPromptBehavior: dismiss and notify, webauthn:extension:credBlob: true, webauthn:extension:largeBlob: true, webauthn:extension:minPinLength: true, webauthn:extension:prf: true, webauthn:virtualAuthenticators: true}
Session ID: 6e6781298f6035b83f4678de326e03ee
at org.openqa.selenium.remote.codec.w3c.W3CHttpResponseCodec.createException(W3CHttpResponseCodec.java:200)
at org.openqa.selenium.remote.codec.w3c.W3CHttpResponseCodec.decode(W3CHttpResponseCodec.java:133)
at org.openqa.selenium.remote.codec.w3c.W3CHttpResponseCodec.decode(W3CHttpResponseCodec.java:52)
at org.openqa.selenium.remote.HttpCommandExecutor.execute(HttpCommandExecutor.java:191)
at org.openqa.selenium.remote.service.DriverCommandExecutor.invokeExecute(DriverCommandExecutor.java:196)
at org.openqa.selenium.remote.service.DriverCommandExecutor.execute(DriverCommandExecutor.java:171)
at org.openqa.selenium.remote.RemoteWebDriver.execute(RemoteWebDriver.java:518)
at org.openqa.selenium.remote.RemoteWebDriver.get(RemoteWebDriver.java:300)
at com.tutorialninja.qa.base.Base.initializeBrowserAndOpenApplicationURL(Base.java:60)
at com.turotialninja.qa.testcases.SearchTest.setup(SearchTest.java:21)
at java.base/java.util.ArrayList.forEach(ArrayList.java:1511)
... Removed 32 stack frames]]>
    </failure>
  </testcase> <!-- @BeforeMethod setup -->
  <testcase classname="com.turotialninja.qa.testcases.SearchTest" name="@AfterMethod tearDown" time="0.0">
    <skipped/>
  </testcase> <!-- @AfterMethod tearDown -->
  <testcase classname="com.turotialninja.qa.testcases.SearchTest" name="@BeforeMethod setup" time="0.0">
    <skipped/>
  </testcase> <!-- @BeforeMethod setup -->
  <testcase classname="com.turotialninja.qa.testcases.SearchTest" name="@AfterMethod tearDown" time="0.0">
    <skipped/>
  </testcase> <!-- @AfterMethod tearDown -->
  <testcase classname="com.turotialninja.qa.testcases.SearchTest" name="@BeforeMethod setup" time="0.0">
    <skipped/>
  </testcase> <!-- @BeforeMethod setup -->
  <testcase classname="com.turotialninja.qa.testcases.SearchTest" name="@AfterMethod tearDown" time="0.0">
    <skipped/>
  </testcase> <!-- @AfterMethod tearDown -->
  <testcase classname="com.turotialninja.qa.testcases.RegisterTest" name="verifyRegisteringAnAccountWithMandatoryFields" time="1.103"/>
  <testcase classname="com.turotialninja.qa.testcases.RegisterTest" name="verifyRegisteringAnAccountByProvidingAllFields" time="1.376"/>
  <testcase classname="com.turotialninja.qa.testcases.RegisterTest" name="verifyRegisteringAnAccountWithExistingEmail" time="0.862"/>
  <testcase classname="com.turotialninja.qa.testcases.RegisterTest" name="verifyRegisteringAnAccountWithoutFillingDetails" time="0.478"/>
  <testcase classname="com.turotialninja.qa.testcases.LoginTest" name="verifyLoginwithInvalidLoginCredentials" time="0.557"/>
  <testcase classname="com.turotialninja.qa.testcases.LoginTest" name="verifyLoginWithInvalidEmailAndValidPassword" time="0.902"/>
  <testcase classname="com.turotialninja.qa.testcases.LoginTest" name="verifyLoginWithValidEmailAndInvalidPassword" time="0.514"/>
  <testcase classname="com.turotialninja.qa.testcases.LoginTest" name="verifyLoginWithOutProvidingCredentials" time="0.356"/>
  <testcase classname="com.turotialninja.qa.testcases.LoginTest" name="verifyLoginwithValidCredentials" time="0.671"/>
  <testcase classname="com.turotialninja.qa.testcases.LoginTest" name="verifyLoginwithValidCredentials" time="0.0">
    <skipped/>
  </testcase> <!-- verifyLoginwithValidCredentials -->
  <testcase classname="com.turotialninja.qa.testcases.LoginTest" name="verifyLoginwithValidCredentials" time="0.0">
    <skipped/>
  </testcase> <!-- verifyLoginwithValidCredentials -->
  <testcase classname="com.turotialninja.qa.testcases.SearchTest" name="verifySearchWithValidProduct" time="0.0">
    <skipped/>
  </testcase> <!-- verifySearchWithValidProduct -->
  <testcase classname="com.turotialninja.qa.testcases.SearchTest" name="veifySearchWithInvalidProduct" time="0.0">
    <skipped/>
  </testcase> <!-- veifySearchWithInvalidProduct -->
  <testcase classname="com.turotialninja.qa.testcases.SearchTest" name="verifySearchWithoutAnyProduct" time="0.0">
    <skipped/>
  </testcase> <!-- verifySearchWithoutAnyProduct -->
</testsuite> <!-- Tutorial Ninja Tests -->
