<?xml version="1.0" encoding="UTF-8"?>
<!-- Generated by org.testng.reporters.JUnitXMLReporter -->
<testsuite ignored="4" hostname="MacBook-Pro" failures="0" tests="1" name="Default test" time="6.148" errors="0" timestamp="2023-09-15T09:18:53 IST">
  <testcase classname="com.turotialninja.qa.testcases.LoginTest" name="verifyLoginwithInvalidLoginCredentials" time="0.564"/>
  <testcase classname="com.turotialninja.qa.testcases.LoginTest" name="verifyLoginWithOutProvidingCredentials" time="0.0">
    <ignored/>
  </testcase> <!-- verifyLoginWithOutProvidingCredentials -->
  <testcase classname="com.turotialninja.qa.testcases.LoginTest" name="verifyLoginWithValidEmailAndInvalidPassword" time="0.0">
    <ignored/>
  </testcase> <!-- verifyLoginWithValidEmailAndInvalidPassword -->
  <testcase classname="com.turotialninja.qa.testcases.LoginTest" name="verifyLoginwithValidCredentials" time="0.0">
    <ignored/>
  </testcase> <!-- verifyLoginwithValidCredentials -->
  <testcase classname="com.turotialninja.qa.testcases.LoginTest" name="verifyLoginWithInvalidEmailAndValidPassword" time="0.0">
    <ignored/>
  </testcase> <!-- verifyLoginWithInvalidEmailAndValidPassword -->
</testsuite> <!-- Default test -->
