<?xml version="1.0" encoding="UTF-8"?>
<!-- Generated by org.testng.reporters.JUnitXMLReporter -->
<testsuite ignored="2" hostname="MacBook-Pro" failures="0" tests="1" name="Default test" time="6.612" errors="0" timestamp="2023-09-04T08:20:20 IST">
  <testcase classname="com.turotialninja.qa.testcases.SearchTest" name="verifySearchWithValidProduct" time="1.255"/>
  <testcase classname="com.turotialninja.qa.testcases.SearchTest" name="verifySearchWithoutAnyProduct" time="0.0">
    <ignored/>
  </testcase> <!-- verifySearchWithoutAnyProduct -->
  <testcase classname="com.turotialninja.qa.testcases.SearchTest" name="veifySearchWithInvalidProduct" time="0.0">
    <ignored/>
  </testcase> <!-- veifySearchWithInvalidProduct -->
</testsuite> <!-- Default test -->
